2021-01-09T10:17:35.647+0000 I  CONTROL  [main] Automatically disabling TLS 1.0, to force-enable TLS 1.0 specify --sslDisabledProtocols 'none'
2021-01-09T10:17:35.650+0000 W  ASIO     [main] No TransportLayer configured during NetworkInterface startup
2021-01-09T10:17:35.651+0000 I  CONTROL  [initandlisten] MongoDB starting : pid=1 port=27017 dbpath=/data/db 64-bit host=20327fd55d68
2021-01-09T10:17:35.651+0000 I  CONTROL  [initandlisten] db version v4.2.11
2021-01-09T10:17:35.651+0000 I  CONTROL  [initandlisten] git version: ea38428f0c6742c7c2c7f677e73d79e17a2aab96
2021-01-09T10:17:35.652+0000 I  CONTROL  [initandlisten] OpenSSL version: OpenSSL 1.1.1  11 Sep 2018
2021-01-09T10:17:35.652+0000 I  CONTROL  [initandlisten] allocator: tcmalloc
2021-01-09T10:17:35.652+0000 I  CONTROL  [initandlisten] modules: none
2021-01-09T10:17:35.652+0000 I  CONTROL  [initandlisten] build environment:
2021-01-09T10:17:35.653+0000 I  CONTROL  [initandlisten]     distmod: ubuntu1804
2021-01-09T10:17:35.653+0000 I  CONTROL  [initandlisten]     distarch: x86_64
2021-01-09T10:17:35.654+0000 I  CONTROL  [initandlisten]     target_arch: x86_64
2021-01-09T10:17:35.654+0000 I  CONTROL  [initandlisten] options: { net: { bindIp: "*" }, replication: { replSet: "replSetTest" }, systemLog: { destination: "file", path: "/var/log/mongodb/mongod.log" } }
2021-01-09T10:17:35.688+0000 I  STORAGE  [initandlisten] wiredtiger_open config: create,cache_size=483M,cache_overflow=(file_max=0M),session_max=33000,eviction=(threads_min=4,threads_max=4),config_base=false,statistics=(fast),log=(enabled=true,archive=true,path=journal,compressor=snappy),file_manager=(close_idle_time=100000,close_scan_interval=10,close_handle_minimum=250),statistics_log=(wait=0),verbose=[recovery_progress,checkpoint_progress],
2021-01-09T10:17:43.167+0000 I  STORAGE  [initandlisten] WiredTiger message [1610187463:167315][1:0x7fa930063b00], txn-recover: Set global recovery timestamp: (0, 0)
2021-01-09T10:17:43.178+0000 I  RECOVERY [initandlisten] WiredTiger recoveryTimestamp. Ts: Timestamp(0, 0)
2021-01-09T10:17:43.192+0000 I  STORAGE  [initandlisten] No table logging settings modifications are required for existing WiredTiger tables. Logging enabled? 0
2021-01-09T10:17:43.193+0000 I  STORAGE  [initandlisten] Timestamp monitor starting
2021-01-09T10:17:43.197+0000 I  CONTROL  [initandlisten] 
2021-01-09T10:17:43.198+0000 I  CONTROL  [initandlisten] ** WARNING: Access control is not enabled for the database.
2021-01-09T10:17:43.198+0000 I  CONTROL  [initandlisten] **          Read and write access to data and configuration is unrestricted.
2021-01-09T10:17:43.198+0000 I  CONTROL  [initandlisten] 
2021-01-09T10:17:43.203+0000 I  SHARDING [initandlisten] Marking collection local.system.replset as collection version: <unsharded>
2021-01-09T10:17:43.203+0000 I  STORAGE  [initandlisten] Flow Control is enabled on this deployment.
2021-01-09T10:17:43.204+0000 I  SHARDING [initandlisten] Marking collection admin.system.roles as collection version: <unsharded>
2021-01-09T10:17:43.205+0000 I  SHARDING [initandlisten] Marking collection admin.system.version as collection version: <unsharded>
2021-01-09T10:17:43.206+0000 I  STORAGE  [initandlisten] createCollection: local.startup_log with generated UUID: 75b2e7b3-95ae-499a-8685-6b05aa66bf27 and options: { capped: true, size: 10485760 }
2021-01-09T10:17:43.216+0000 I  INDEX    [initandlisten] index build: done building index _id_ on ns local.startup_log
2021-01-09T10:17:43.217+0000 I  SHARDING [initandlisten] Marking collection local.startup_log as collection version: <unsharded>
2021-01-09T10:17:43.218+0000 I  FTDC     [initandlisten] Initializing full-time diagnostic data capture with directory '/data/db/diagnostic.data'
2021-01-09T10:17:43.220+0000 I  STORAGE  [initandlisten] createCollection: local.replset.oplogTruncateAfterPoint with generated UUID: 2a008aee-1788-4fe4-b6cc-df13f5f87faf and options: {}
2021-01-09T10:17:43.233+0000 I  INDEX    [initandlisten] index build: done building index _id_ on ns local.replset.oplogTruncateAfterPoint
2021-01-09T10:17:43.233+0000 I  STORAGE  [initandlisten] createCollection: local.replset.minvalid with generated UUID: b9fcb28f-5de4-4c6b-9778-e76ec6372af1 and options: {}
2021-01-09T10:17:43.247+0000 I  INDEX    [initandlisten] index build: done building index _id_ on ns local.replset.minvalid
2021-01-09T10:17:43.247+0000 I  SHARDING [initandlisten] Marking collection local.replset.minvalid as collection version: <unsharded>
2021-01-09T10:17:43.248+0000 I  STORAGE  [initandlisten] createCollection: local.replset.election with generated UUID: c4092d92-a5f8-43b4-a70d-31b1c94a5520 and options: {}
2021-01-09T10:17:43.257+0000 I  INDEX    [initandlisten] index build: done building index _id_ on ns local.replset.election
2021-01-09T10:17:43.258+0000 I  SHARDING [initandlisten] Marking collection local.replset.election as collection version: <unsharded>
2021-01-09T10:17:43.258+0000 I  REPL     [initandlisten] Did not find local initialized voted for document at startup.
2021-01-09T10:17:43.259+0000 I  REPL     [initandlisten] Did not find local Rollback ID document at startup. Creating one.
2021-01-09T10:17:43.259+0000 I  STORAGE  [initandlisten] createCollection: local.system.rollback.id with generated UUID: 53dc9871-0e3e-482d-b205-c8fc861223b1 and options: {}
2021-01-09T10:17:43.270+0000 I  INDEX    [initandlisten] index build: done building index _id_ on ns local.system.rollback.id
2021-01-09T10:17:43.271+0000 I  SHARDING [initandlisten] Marking collection local.system.rollback.id as collection version: <unsharded>
2021-01-09T10:17:43.272+0000 I  REPL     [initandlisten] Initialized the rollback ID to 1
2021-01-09T10:17:43.272+0000 I  REPL     [initandlisten] Did not find local replica set configuration document at startup;  NoMatchingDocument: Did not find replica set configuration document in local.system.replset
2021-01-09T10:17:43.274+0000 I  CONTROL  [LogicalSessionCacheRefresh] Sessions collection is not set up; waiting until next sessions refresh interval: Replication has not yet been configured
2021-01-09T10:17:43.274+0000 I  SHARDING [LogicalSessionCacheReap] Marking collection config.system.sessions as collection version: <unsharded>
2021-01-09T10:17:43.275+0000 I  CONTROL  [LogicalSessionCacheReap] Sessions collection is not set up; waiting until next sessions reap interval: config.system.sessions does not exist
2021-01-09T10:17:43.274+0000 I  NETWORK  [listener] Listening on /tmp/mongodb-27017.sock
2021-01-09T10:17:43.276+0000 I  NETWORK  [listener] Listening on 0.0.0.0
2021-01-09T10:17:43.276+0000 I  NETWORK  [listener] waiting for connections on port 27017
2021-01-09T10:17:44.009+0000 I  SHARDING [ftdc] Marking collection local.oplog.rs as collection version: <unsharded>
2021-01-09T10:17:46.891+0000 I  NETWORK  [listener] connection accepted from 172.27.0.5:57904 #1 (1 connection now open)
2021-01-09T10:17:46.891+0000 I  NETWORK  [conn1] received client metadata from 172.27.0.5:57904 conn1: { application: { name: "MongoDB Shell" }, driver: { name: "MongoDB Internal Client", version: "4.2.11" }, os: { type: "Linux", name: "Ubuntu", architecture: "x86_64", version: "18.04" } }
2021-01-09T10:17:46.899+0000 I  REPL     [conn1] replSetInitiate admin command received from client
2021-01-09T10:17:46.905+0000 I  REPL     [conn1] replSetInitiate config object with 3 members parses ok
2021-01-09T10:17:46.905+0000 I  REPL     [conn1] Scheduling remote command request for initiate quorum check: RemoteCommand 1 -- target:mongo_b:27017 db:admin cmd:{ replSetHeartbeat: "replSetTest", checkEmpty: true, configVersion: 1, hbv: 1, from: "mongo_a:27017", fromId: 0, term: 0 }
2021-01-09T10:17:46.906+0000 I  CONNPOOL [Replication] Connecting to mongo_b:27017
2021-01-09T10:17:46.906+0000 I  REPL     [conn1] Scheduling remote command request for initiate quorum check: RemoteCommand 2 -- target:mongo_c:27017 db:admin cmd:{ replSetHeartbeat: "replSetTest", checkEmpty: true, configVersion: 1, hbv: 1, from: "mongo_a:27017", fromId: 0, term: 0 }
2021-01-09T10:17:46.907+0000 I  CONNPOOL [Replication] Connecting to mongo_c:27017
2021-01-09T10:17:46.911+0000 I  NETWORK  [listener] connection accepted from 172.27.0.3:39088 #6 (2 connections now open)
2021-01-09T10:17:46.913+0000 I  REPL     [conn1] ******
2021-01-09T10:17:46.913+0000 I  REPL     [conn1] creating replication oplog of size: 11900MB...
2021-01-09T10:17:46.913+0000 I  STORAGE  [conn1] createCollection: local.oplog.rs with generated UUID: d0167200-f7d4-4e3a-88dd-9a7daa36f5f4 and options: { capped: true, size: 12478844108.0, autoIndexId: false }
2021-01-09T10:17:46.913+0000 I  NETWORK  [conn6] received client metadata from 172.27.0.3:39088 conn6: { driver: { name: "NetworkInterfaceTL", version: "4.2.11" }, os: { type: "Linux", name: "Ubuntu", architecture: "x86_64", version: "18.04" } }
2021-01-09T10:17:46.913+0000 I  NETWORK  [listener] connection accepted from 172.27.0.4:46808 #7 (3 connections now open)
2021-01-09T10:17:46.915+0000 I  NETWORK  [conn7] received client metadata from 172.27.0.4:46808 conn7: { driver: { name: "NetworkInterfaceTL", version: "4.2.11" }, os: { type: "Linux", name: "Ubuntu", architecture: "x86_64", version: "18.04" } }
2021-01-09T10:17:46.920+0000 I  STORAGE  [conn1] Starting OplogTruncaterThread local.oplog.rs
2021-01-09T10:17:46.920+0000 I  STORAGE  [conn1] The size storer reports that the oplog contains 0 records totaling to 0 bytes
2021-01-09T10:17:46.921+0000 I  STORAGE  [conn1] Scanning the oplog to determine where to place markers for truncation
2021-01-09T10:17:46.921+0000 I  STORAGE  [conn1] WiredTiger record store oplog processing took 0ms
2021-01-09T10:17:46.944+0000 I  REPL     [conn1] ******
2021-01-09T10:17:46.945+0000 I  STORAGE  [conn1] createCollection: local.system.replset with generated UUID: 2dd0c449-1067-43d6-a156-2820088ffc10 and options: {}
2021-01-09T10:17:46.956+0000 I  INDEX    [conn1] index build: done building index _id_ on ns local.system.replset
2021-01-09T10:17:46.957+0000 I  SHARDING [conn1] Marking collection local.replset.oplogTruncateAfterPoint as collection version: <unsharded>
2021-01-09T10:17:46.957+0000 I  STORAGE  [conn1] createCollection: admin.system.version with provided UUID: 66f0e09e-3e61-4763-a0c8-2a6f06ef5c54 and options: { uuid: UUID("66f0e09e-3e61-4763-a0c8-2a6f06ef5c54") }
2021-01-09T10:17:46.969+0000 I  INDEX    [conn1] index build: done building index _id_ on ns admin.system.version
2021-01-09T10:17:46.969+0000 I  COMMAND  [conn1] setting featureCompatibilityVersion to 4.2
2021-01-09T10:17:46.970+0000 I  NETWORK  [conn1] Skip closing connection for connection # 7
2021-01-09T10:17:46.970+0000 I  NETWORK  [conn1] Skip closing connection for connection # 6
2021-01-09T10:17:46.970+0000 I  NETWORK  [conn1] Skip closing connection for connection # 1
2021-01-09T10:17:46.971+0000 I  REPL     [conn1] New replica set config in use: { _id: "replSetTest", version: 1, protocolVersion: 1, writeConcernMajorityJournalDefault: true, members: [ { _id: 0, host: "mongo_a:27017", arbiterOnly: false, buildIndexes: true, hidden: false, priority: 2.0, tags: {}, slaveDelay: 0, votes: 1 }, { _id: 1, host: "mongo_b:27017", arbiterOnly: false, buildIndexes: true, hidden: false, priority: 1.0, tags: {}, slaveDelay: 0, votes: 1 }, { _id: 2, host: "mongo_c:27017", arbiterOnly: true, buildIndexes: true, hidden: false, priority: 0.0, tags: {}, slaveDelay: 0, votes: 1 } ], settings: { chainingAllowed: true, heartbeatIntervalMillis: 2000, heartbeatTimeoutSecs: 10, electionTimeoutMillis: 10000, catchUpTimeoutMillis: -1, catchUpTakeoverDelayMillis: 30000, getLastErrorModes: {}, getLastErrorDefaults: { w: 1, wtimeout: 0 }, replicaSetId: ObjectId('5ff982ca64b52bd54ab367dc') } }
2021-01-09T10:17:46.971+0000 I  REPL     [conn1] This node is mongo_a:27017 in the config
2021-01-09T10:17:46.971+0000 I  REPL     [conn1] transition to STARTUP2 from STARTUP
2021-01-09T10:17:46.972+0000 I  REPL     [conn1] Starting replication storage threads
2021-01-09T10:17:46.972+0000 I  REPL     [replexec-1] Member mongo_b:27017 is now in state STARTUP
2021-01-09T10:17:46.973+0000 I  REPL     [replexec-0] Member mongo_c:27017 is now in state STARTUP
2021-01-09T10:17:46.976+0000 I  REPL     [conn1] transition to RECOVERING from STARTUP2
2021-01-09T10:17:46.976+0000 I  REPL     [conn1] Starting replication fetcher thread
2021-01-09T10:17:46.977+0000 I  REPL     [conn1] Starting replication applier thread
2021-01-09T10:17:46.977+0000 I  REPL     [conn1] Starting replication reporter thread
2021-01-09T10:17:46.977+0000 I  REPL     [rsBackgroundSync] waiting for 2 pings from other members before syncing
2021-01-09T10:17:46.977+0000 I  REPL     [rsSync-0] Starting oplog application
2021-01-09T10:17:46.979+0000 I  REPL     [rsSync-0] transition to SECONDARY from RECOVERING
2021-01-09T10:17:46.980+0000 I  REPL     [rsSync-0] Resetting sync source to empty, which was :27017
2021-01-09T10:17:46.981+0000 I  NETWORK  [conn1] end connection 172.27.0.5:57904 (2 connections now open)
2021-01-09T10:17:47.417+0000 I  NETWORK  [listener] connection accepted from 172.27.0.3:39092 #8 (3 connections now open)
2021-01-09T10:17:47.418+0000 I  NETWORK  [conn8] end connection 172.27.0.3:39092 (2 connections now open)
2021-01-09T10:17:47.419+0000 I  NETWORK  [listener] connection accepted from 172.27.0.4:46812 #9 (3 connections now open)
2021-01-09T10:17:47.420+0000 I  NETWORK  [conn9] end connection 172.27.0.4:46812 (2 connections now open)
2021-01-09T10:17:47.472+0000 I  REPL     [replexec-0] Member mongo_b:27017 is now in state STARTUP2
2021-01-09T10:17:47.473+0000 I  REPL     [replexec-0] Member mongo_c:27017 is now in state ARBITER
2021-01-09T10:17:48.519+0000 I  NETWORK  [listener] connection accepted from 172.27.0.3:39106 #10 (3 connections now open)
2021-01-09T10:17:48.519+0000 I  NETWORK  [conn10] received client metadata from 172.27.0.3:39106 conn10: { driver: { name: "NetworkInterfaceTL", version: "4.2.11" }, os: { type: "Linux", name: "Ubuntu", architecture: "x86_64", version: "18.04" } }
2021-01-09T10:17:48.521+0000 I  SHARDING [conn10] Marking collection config.transactions as collection version: <unsharded>
2021-01-09T10:17:48.525+0000 I  NETWORK  [listener] connection accepted from 172.27.0.3:39108 #11 (4 connections now open)
2021-01-09T10:17:48.526+0000 I  NETWORK  [conn11] received client metadata from 172.27.0.3:39108 conn11: { driver: { name: "NetworkInterfaceTL", version: "4.2.11" }, os: { type: "Linux", name: "Ubuntu", architecture: "x86_64", version: "18.04" } }
2021-01-09T10:17:48.546+0000 I  NETWORK  [listener] connection accepted from 172.27.0.3:39110 #12 (5 connections now open)
2021-01-09T10:17:48.546+0000 I  NETWORK  [conn12] received client metadata from 172.27.0.3:39110 conn12: { driver: { name: "MongoDB Internal Client", version: "4.2.11" }, os: { type: "Linux", name: "Ubuntu", architecture: "x86_64", version: "18.04" } }
2021-01-09T10:17:48.550+0000 I  NETWORK  [conn12] end connection 172.27.0.3:39110 (4 connections now open)
2021-01-09T10:17:48.972+0000 I  REPL     [replexec-0] Member mongo_b:27017 is now in state SECONDARY
2021-01-09T10:17:53.526+0000 I  NETWORK  [conn10] end connection 172.27.0.3:39106 (3 connections now open)
2021-01-09T10:17:57.991+0000 I  ELECTION [replexec-0] Starting an election, since we've seen no PRIMARY in the past 10000ms
2021-01-09T10:17:57.991+0000 I  ELECTION [replexec-0] conducting a dry run election to see if we could be elected. current term: 0
2021-01-09T10:17:57.991+0000 I  REPL     [replexec-0] Scheduling remote command request for vote request: RemoteCommand 49 -- target:mongo_b:27017 db:admin cmd:{ replSetRequestVotes: 1, setName: "replSetTest", dryRun: true, term: 0, candidateIndex: 0, configVersion: 1, lastCommittedOp: { ts: Timestamp(1610187466, 1), t: -1 } }
2021-01-09T10:17:57.992+0000 I  REPL     [replexec-0] Scheduling remote command request for vote request: RemoteCommand 50 -- target:mongo_c:27017 db:admin cmd:{ replSetRequestVotes: 1, setName: "replSetTest", dryRun: true, term: 0, candidateIndex: 0, configVersion: 1, lastCommittedOp: { ts: Timestamp(1610187466, 1), t: -1 } }
2021-01-09T10:17:57.993+0000 I  ELECTION [replexec-1] VoteRequester(term 0 dry run) received a yes vote from mongo_b:27017; response message: { term: 0, voteGranted: true, reason: "", ok: 1.0, $clusterTime: { clusterTime: Timestamp(1610187466, 1), signature: { hash: BinData(0, 0000000000000000000000000000000000000000), keyId: 0 } }, operationTime: Timestamp(1610187466, 1) }
2021-01-09T10:17:57.993+0000 I  CONNPOOL [Replication] Ending connection to host mongo_c:27017 due to bad connection status: CallbackCanceled: Callback was canceled; 0 connections to that host remain open
2021-01-09T10:17:57.993+0000 I  ELECTION [replexec-1] dry election run succeeded, running for election in term 1
2021-01-09T10:17:57.993+0000 I  CONNPOOL [Replication] Connecting to mongo_c:27017
2021-01-09T10:17:57.994+0000 I  REPL     [replexec-1] Scheduling remote command request for vote request: RemoteCommand 51 -- target:mongo_b:27017 db:admin cmd:{ replSetRequestVotes: 1, setName: "replSetTest", dryRun: false, term: 1, candidateIndex: 0, configVersion: 1, lastCommittedOp: { ts: Timestamp(1610187466, 1), t: -1 } }
2021-01-09T10:17:57.995+0000 I  REPL     [replexec-1] Scheduling remote command request for vote request: RemoteCommand 52 -- target:mongo_c:27017 db:admin cmd:{ replSetRequestVotes: 1, setName: "replSetTest", dryRun: false, term: 1, candidateIndex: 0, configVersion: 1, lastCommittedOp: { ts: Timestamp(1610187466, 1), t: -1 } }
2021-01-09T10:17:57.996+0000 I  ELECTION [replexec-0] VoteRequester(term 1) received a yes vote from mongo_b:27017; response message: { term: 1, voteGranted: true, reason: "", ok: 1.0, $clusterTime: { clusterTime: Timestamp(1610187466, 1), signature: { hash: BinData(0, 0000000000000000000000000000000000000000), keyId: 0 } }, operationTime: Timestamp(1610187466, 1) }
2021-01-09T10:17:57.997+0000 I  ELECTION [replexec-0] election succeeded, assuming primary role in term 1
2021-01-09T10:17:57.997+0000 I  REPL     [replexec-0] transition to PRIMARY from SECONDARY
2021-01-09T10:17:57.998+0000 I  REPL     [replexec-0] Resetting sync source to empty, which was :27017
2021-01-09T10:17:57.997+0000 I  CONNPOOL [Replication] Ending connection to host mongo_c:27017 due to bad connection status: CallbackCanceled: Callback was canceled; 0 connections to that host remain open
2021-01-09T10:17:57.998+0000 I  REPL     [replexec-0] Entering primary catch-up mode.
2021-01-09T10:17:58.003+0000 I  REPL     [replexec-0] Caught up to the latest optime known via heartbeats after becoming primary. Target optime: { ts: Timestamp(1610187466, 1), t: -1 }. My Last Applied: { ts: Timestamp(1610187466, 1), t: -1 }
2021-01-09T10:17:58.005+0000 I  REPL     [replexec-0] Exited primary catch-up mode.
2021-01-09T10:17:58.005+0000 I  REPL     [replexec-0] Stopping replication producer
2021-01-09T10:17:58.006+0000 I  REPL     [ReplBatcher] Oplog buffer has been drained in term 1
2021-01-09T10:17:58.006+0000 I  REPL     [ReplBatcher] Oplog buffer has been drained in term 1
2021-01-09T10:17:58.006+0000 I  REPL     [RstlKillOpThread] Starting to kill user operations
2021-01-09T10:17:58.006+0000 I  REPL     [RstlKillOpThread] Stopped killing user operations
2021-01-09T10:17:58.007+0000 I  REPL     [RstlKillOpThread] State transition ops metrics: { lastStateTransition: "stepUp", userOpsKilled: 0, userOpsRunning: 0 }
2021-01-09T10:17:58.007+0000 I  STORAGE  [rsSync-0] createCollection: config.transactions with generated UUID: 8dff222e-f7c4-4ea9-9a7c-6d97e094b5b0 and options: {}
2021-01-09T10:17:58.019+0000 I  INDEX    [rsSync-0] index build: done building index _id_ on ns config.transactions
2021-01-09T10:17:58.020+0000 I  REPL     [rsSync-0] transition to primary complete; database writes are now permitted
2021-01-09T10:17:58.020+0000 I  SHARDING [monitoring-keys-for-HMAC] Marking collection admin.system.keys as collection version: <unsharded>
2021-01-09T10:17:58.021+0000 I  STORAGE  [monitoring-keys-for-HMAC] createCollection: admin.system.keys with generated UUID: e6667a7a-b1c2-4454-a90e-7404bd2769a9 and options: {}
2021-01-09T10:17:58.036+0000 I  INDEX    [monitoring-keys-for-HMAC] index build: done building index _id_ on ns admin.system.keys
2021-01-09T10:17:58.588+0000 I  NETWORK  [listener] connection accepted from 172.27.0.3:39116 #15 (4 connections now open)
2021-01-09T10:17:58.589+0000 I  NETWORK  [conn15] received client metadata from 172.27.0.3:39116 conn15: { driver: { name: "NetworkInterfaceTL", version: "4.2.11" }, os: { type: "Linux", name: "Ubuntu", architecture: "x86_64", version: "18.04" } }
2021-01-09T10:17:58.603+0000 I  STORAGE  [conn11] Triggering the first stable checkpoint. Initial Data: Timestamp(1610187466, 1) PrevStable: Timestamp(0, 0) CurrStable: Timestamp(1610187478, 2)
2021-01-09T10:17:58.617+0000 I  COMMAND  [monitoring-keys-for-HMAC] command admin.system.keys command: insert { insert: "system.keys", bypassDocumentValidation: false, ordered: true, documents: [ { _id: 6915702558438719490, purpose: "HMAC", key: BinData(0, 058AEBCD418F18FE87649A2B7CD8772288185FE1), expiresAt: Timestamp(1617963478, 0) } ], writeConcern: { w: "majority", wtimeout: 60000 }, allowImplicitCollectionCreation: true, $db: "admin" } ninserted:1 keysInserted:1 numYields:0 reslen:230 locks:{ ParallelBatchWriterMode: { acquireCount: { r: 3 } }, ReplicationStateTransition: { acquireCount: { w: 3 } }, Global: { acquireCount: { w: 3 } }, Database: { acquireCount: { W: 3 } }, Collection: { acquireCount: { r: 2, w: 2, W: 1 } }, Mutex: { acquireCount: { r: 5 } } } flowControl:{ acquireCount: 3 } storage:{} protocol:op_msg 595ms
2021-01-09T10:18:24.373+0000 I  NETWORK  [listener] connection accepted from 127.0.0.1:41606 #16 (5 connections now open)
2021-01-09T10:18:24.374+0000 I  NETWORK  [conn16] received client metadata from 127.0.0.1:41606 conn16: { application: { name: "MongoDB Shell" }, driver: { name: "MongoDB Internal Client", version: "4.2.11" }, os: { type: "Linux", name: "Ubuntu", architecture: "x86_64", version: "18.04" } }
2021-01-09T10:18:25.863+0000 I  NETWORK  [conn16] end connection 127.0.0.1:41606 (4 connections now open)
2021-01-09T10:20:05.079+0000 I  NETWORK  [conn7] end connection 172.27.0.4:46808 (3 connections now open)
2021-01-09T10:20:06.013+0000 I  CONNPOOL [replexec-3] dropping unhealthy pooled connection to mongo_c:27017
2021-01-09T10:20:06.013+0000 I  CONNPOOL [Replication] Connecting to mongo_c:27017
2021-01-09T10:20:06.017+0000 I  REPL_HB  [replexec-1] Heartbeat to mongo_c:27017 failed after 2 retries, response status: HostUnreachable: Error connecting to mongo_c:27017 :: caused by :: Could not find address for mongo_c:27017: SocketException: Host not found (authoritative)
2021-01-09T10:20:06.017+0000 I  REPL     [replexec-1] Member mongo_c:27017 is now in state RS_DOWN - Error connecting to mongo_c:27017 :: caused by :: Could not find address for mongo_c:27017: SocketException: Host not found (authoritative)
2021-01-09T10:20:06.046+0000 I  NETWORK  [conn15] end connection 172.27.0.3:39116 (2 connections now open)
2021-01-09T10:20:06.048+0000 I  NETWORK  [conn6] end connection 172.27.0.3:39088 (1 connection now open)
2021-01-09T10:20:06.299+0000 I  CONTROL  [signalProcessingThread] got signal 15 (Terminated), will terminate after current cmd ends
2021-01-09T10:20:06.300+0000 I  REPL     [signalProcessingThread] Stepping down the ReplicationCoordinator for shutdown, waitTime: 10000ms
2021-01-09T10:20:06.300+0000 I  REPL     [RstlKillOpThread] Starting to kill user operations
2021-01-09T10:20:06.300+0000 I  REPL     [RstlKillOpThread] Stopped killing user operations
2021-01-09T10:20:06.301+0000 I  REPL     [RstlKillOpThread] State transition ops metrics: { lastStateTransition: "stepDown", userOpsKilled: 0, userOpsRunning: 1 }
2021-01-09T10:20:06.301+0000 I  REPL     [signalProcessingThread] transition to SECONDARY from PRIMARY
2021-01-09T10:20:06.301+0000 I  REPL     [signalProcessingThread] Handing off election to mongo_b:27017
2021-01-09T10:20:06.302+0000 I  CONNPOOL [signalProcessingThread] dropping unhealthy pooled connection to mongo_b:27017
2021-01-09T10:20:06.302+0000 I  CONNPOOL [Replication] Connecting to mongo_b:27017
2021-01-09T10:20:06.302+0000 I  SHARDING [signalProcessingThread] Shutting down the WaitForMajorityService
2021-01-09T10:20:06.303+0000 I  CONTROL  [signalProcessingThread] Shutting down the LogicalSessionCache
2021-01-09T10:20:06.304+0000 I  REPL     [replexec-3] replSetStepUp request to mongo_b:27017 failed due to HostUnreachable: Error connecting to mongo_b:27017 :: caused by :: Could not find address for mongo_b:27017: SocketException: Host not found (authoritative)
2021-01-09T10:20:06.304+0000 I  NETWORK  [signalProcessingThread] shutdown: going to close listening sockets...
2021-01-09T10:20:06.305+0000 I  NETWORK  [listener] removing socket file: /tmp/mongodb-27017.sock
2021-01-09T10:20:06.305+0000 I  NETWORK  [signalProcessingThread] Shutting down the global connection pool
2021-01-09T10:20:06.305+0000 I  STORAGE  [signalProcessingThread] Shutting down the FlowControlTicketholder
2021-01-09T10:20:06.306+0000 I  -        [signalProcessingThread] Stopping further Flow Control ticket acquisitions.
2021-01-09T10:20:06.306+0000 I  STORAGE  [signalProcessingThread] Shutting down the PeriodicThreadToAbortExpiredTransactions
2021-01-09T10:20:06.306+0000 I  STORAGE  [signalProcessingThread] Shutting down the PeriodicThreadToDecreaseSnapshotHistoryIfNotNeeded
2021-01-09T10:20:06.306+0000 I  REPL     [signalProcessingThread] Shutting down the ReplicationCoordinator
2021-01-09T10:20:06.307+0000 I  REPL     [signalProcessingThread] shutting down replication subsystems
2021-01-09T10:20:06.307+0000 I  REPL     [signalProcessingThread] Stopping replication reporter thread
2021-01-09T10:20:06.307+0000 I  REPL     [signalProcessingThread] Stopping replication fetcher thread
2021-01-09T10:20:06.307+0000 I  REPL     [signalProcessingThread] Stopping replication applier thread
2021-01-09T10:20:07.189+0000 I  REPL     [rsSync-0] Finished oplog application
2021-01-09T10:20:07.304+0000 I  REPL     [rsBackgroundSync] Stopping replication producer
2021-01-09T10:20:07.305+0000 I  REPL     [signalProcessingThread] Stopping replication storage threads
2021-01-09T10:20:07.306+0000 I  ASIO     [RS] Killing all outstanding egress activity.
2021-01-09T10:20:07.307+0000 I  ASIO     [RS] Killing all outstanding egress activity.
2021-01-09T10:20:07.308+0000 I  ASIO     [Replication] Killing all outstanding egress activity.
2021-01-09T10:20:07.309+0000 I  SHARDING [signalProcessingThread] Shutting down the ShardingInitializationMongoD
2021-01-09T10:20:07.309+0000 I  REPL     [signalProcessingThread] Enqueuing the ReplicationStateTransitionLock for shutdown
2021-01-09T10:20:07.309+0000 I  -        [signalProcessingThread] Killing all operations for shutdown
2021-01-09T10:20:07.310+0000 I  COMMAND  [signalProcessingThread] Shutting down all open transactions
2021-01-09T10:20:07.310+0000 I  REPL     [signalProcessingThread] Acquiring the ReplicationStateTransitionLock for shutdown
2021-01-09T10:20:07.310+0000 I  INDEX    [signalProcessingThread] Shutting down the IndexBuildsCoordinator
2021-01-09T10:20:07.310+0000 I  NETWORK  [signalProcessingThread] Shutting down the ReplicaSetMonitor
2021-01-09T10:20:07.311+0000 I  REPL     [signalProcessingThread] Shutting down the LogicalTimeValidator
2021-01-09T10:20:07.311+0000 I  CONTROL  [signalProcessingThread] Shutting down free monitoring
2021-01-09T10:20:07.311+0000 I  CONTROL  [signalProcessingThread] Shutting down free monitoring
2021-01-09T10:20:07.311+0000 I  FTDC     [signalProcessingThread] Shutting down full-time data capture
2021-01-09T10:20:07.312+0000 I  FTDC     [signalProcessingThread] Shutting down full-time diagnostic data capture
2021-01-09T10:20:07.315+0000 I  STORAGE  [signalProcessingThread] Shutting down the HealthLog
2021-01-09T10:20:07.315+0000 I  STORAGE  [signalProcessingThread] Shutting down the storage engine
2021-01-09T10:20:07.315+0000 I  STORAGE  [signalProcessingThread] Deregistering all the collections
2021-01-09T10:20:07.315+0000 W  QUERY    [conn11] GetMore command executor error: FAILURE, status: InterruptedAtShutdown: interrupted at shutdown, stats: { stage: "COLLSCAN", nReturned: 17, executionTimeMillisEstimate: 0, works: 279, advanced: 17, needTime: 131, needYield: 0, saveState: 131, restoreState: 130, isEOF: 0, direction: "forward", docsExamined: 17 }
2021-01-09T10:20:07.316+0000 I  NETWORK  [conn11] end connection 172.27.0.3:39108 (0 connections now open)
2021-01-09T10:20:07.315+0000 I  STORAGE  [WTOplogJournalThread] Oplog journal thread loop shutting down
2021-01-09T10:20:07.316+0000 I  STORAGE  [signalProcessingThread] Timestamp monitor shutting down
2021-01-09T10:20:07.317+0000 I  STORAGE  [signalProcessingThread] WiredTigerKVEngine shutting down
2021-01-09T10:20:07.317+0000 I  STORAGE  [signalProcessingThread] Shutting down session sweeper thread
2021-01-09T10:20:07.317+0000 I  STORAGE  [signalProcessingThread] Finished shutting down session sweeper thread
2021-01-09T10:20:07.318+0000 I  STORAGE  [signalProcessingThread] Shutting down journal flusher thread
2021-01-09T10:20:07.320+0000 I  STORAGE  [signalProcessingThread] Finished shutting down journal flusher thread
2021-01-09T10:20:07.320+0000 I  STORAGE  [signalProcessingThread] Shutting down checkpoint thread
2021-01-09T10:20:07.321+0000 I  STORAGE  [signalProcessingThread] Finished shutting down checkpoint thread
2021-01-09T10:20:07.345+0000 I  STORAGE  [signalProcessingThread] shutdown: removing fs lock...
2021-01-09T10:20:07.346+0000 I  -        [signalProcessingThread] Dropping the scope cache for shutdown
2021-01-09T10:20:07.346+0000 I  CONTROL  [signalProcessingThread] now exiting
2021-01-09T10:20:07.346+0000 I  CONTROL  [signalProcessingThread] shutting down with code:0
